<?xml version="1.0" encoding="UTF-8"?>
<testsuite name="com.nashss.se.dogpicture.AppTest" tests="1" skipped="0" failures="0" errors="0" timestamp="2022-06-10T14:27:54" hostname="DESKTOP-TNQDIG4" time="0.011">
  <properties/>
  <testcase name="appHasAGreeting()" classname="com.nashss.se.dogpicture.AppTest" time="0.011"/>
  <system-out><![CDATA[]]></system-out>
  <system-err><![CDATA[]]></system-err>
</testsuite>
